2019-04-26 21:53:24,588 INFO 12066 [egg:logger] init all loggers with options: {"dir":"/Users/lp1/Downloads/Vue-shopping-master/egg/logs/server","encoding":"utf8","env":"local","level":"INFO","consoleLevel":"INFO","disableConsoleAfterReady":false,"outputJSON":false,"buffer":true,"appLogName":"server-web.log","coreLogName":"egg-web.log","agentLogName":"egg-agent.log","errorLogName":"common-error.log","coreLogger":{"consoleLevel":"WARN"},"allowDebugAtProd":false,"type":"application"}
2019-04-26 21:53:24,620 INFO 12066 [egg-multipart] stream mode enable
2019-04-26 21:53:24,844 INFO 12066 [egg-mongoose] connecting mongodb://127.0.0.1/shoppingMall
2019-04-26 21:53:25,038 INFO 12066 [egg-static] starting static serve /public/ -> /Users/lp1/Downloads/Vue-shopping-master/egg/app/public
2019-04-26 21:53:25,040 INFO 12066 [egg-security] use methodnoallow middleware
2019-04-26 21:53:25,040 INFO 12066 [egg-security] use noopen middleware
2019-04-26 21:53:25,041 INFO 12066 [egg-security] use nosniff middleware
2019-04-26 21:53:25,041 INFO 12066 [egg-security] use xssProtection middleware
2019-04-26 21:53:25,041 INFO 12066 [egg-security] use xframe middleware
2019-04-26 21:53:25,042 INFO 12066 [egg-security] use dta middleware
2019-04-26 21:53:25,042 INFO 12066 [egg-security] compose 6 middlewares into one security middleware
2019-04-26 21:53:25,054 INFO 12066 [egg:core] dump config after load, 4ms
2019-04-26 21:53:25,056 INFO 12066 [egg-mongoose] starting...
2019-04-26 21:53:25,103 INFO 12066 [egg-watcher:application] watcher start success
2019-04-26 21:53:25,106 INFO 12066 [egg-mongoose] mongodb://127.0.0.1/shoppingMall connected successfully
2019-04-26 21:53:25,113 INFO 12066 [egg-mongoose] instance[0] start successfully
2019-04-26 21:53:25,122 INFO 12066 [egg:core] dump config after ready, 7ms
2019-04-27 08:36:27,825 INFO 6732 [egg:logger] init all loggers with options: {"dir":"C:\\Users\\Administrator\\Desktop\\shop\\server\\logs\\server","encoding":"utf8","env":"local","level":"INFO","consoleLevel":"INFO","disableConsoleAfterReady":false,"outputJSON":false,"buffer":true,"appLogName":"server-web.log","coreLogName":"egg-web.log","agentLogName":"egg-agent.log","errorLogName":"common-error.log","coreLogger":{"consoleLevel":"WARN"},"allowDebugAtProd":false,"type":"application"}
2019-04-27 08:36:27,870 INFO 6732 [egg-multipart] stream mode enable
2019-04-27 08:36:28,159 INFO 6732 [egg-mongoose] connecting mongodb://127.0.0.1/shoppingMall
2019-04-27 08:36:28,444 INFO 6732 [egg-static] starting static serve /public/ -> C:\Users\Administrator\Desktop\shop\server\app\public
2019-04-27 08:36:28,447 INFO 6732 [egg-security] use methodnoallow middleware
2019-04-27 08:36:28,448 INFO 6732 [egg-security] use noopen middleware
2019-04-27 08:36:28,449 INFO 6732 [egg-security] use nosniff middleware
2019-04-27 08:36:28,449 INFO 6732 [egg-security] use xssProtection middleware
2019-04-27 08:36:28,451 INFO 6732 [egg-security] use xframe middleware
2019-04-27 08:36:28,452 INFO 6732 [egg-security] use dta middleware
2019-04-27 08:36:28,452 INFO 6732 [egg-security] compose 6 middlewares into one security middleware
2019-04-27 08:36:28,472 INFO 6732 [egg:core] dump config after load, 5ms
2019-04-27 08:36:28,475 INFO 6732 [egg-mongoose] starting...
2019-04-27 08:36:28,514 INFO 6732 [egg-mongoose] mongodb://127.0.0.1/shoppingMall connected successfully
2019-04-27 08:36:28,522 INFO 6732 [egg-mongoose] instance[0] start successfully
2019-04-27 08:36:28,524 INFO 6732 [egg-watcher:application] watcher start success
2019-04-27 08:36:28,531 INFO 6732 [egg:core] dump config after ready, 6ms
2019-04-27 10:25:49,253 INFO 3124 [egg:logger] init all loggers with options: {"dir":"C:\\Users\\Administrator\\Desktop\\shop\\server\\logs\\server","encoding":"utf8","env":"local","level":"INFO","consoleLevel":"INFO","disableConsoleAfterReady":false,"outputJSON":false,"buffer":true,"appLogName":"server-web.log","coreLogName":"egg-web.log","agentLogName":"egg-agent.log","errorLogName":"common-error.log","coreLogger":{"consoleLevel":"WARN"},"allowDebugAtProd":false,"type":"application"}
2019-04-27 10:25:49,290 INFO 3124 [egg-multipart] stream mode enable
2019-04-27 10:25:49,771 INFO 3124 [egg-mongoose] connecting mongodb://127.0.0.1/shoppingMall
2019-04-27 10:25:50,103 INFO 3124 [egg-static] starting static serve /public/ -> C:\Users\Administrator\Desktop\shop\server\app\public
2019-04-27 10:25:50,106 INFO 3124 [egg-security] use methodnoallow middleware
2019-04-27 10:25:50,106 INFO 3124 [egg-security] use noopen middleware
2019-04-27 10:25:50,107 INFO 3124 [egg-security] use nosniff middleware
2019-04-27 10:25:50,108 INFO 3124 [egg-security] use xssProtection middleware
2019-04-27 10:25:50,109 INFO 3124 [egg-security] use xframe middleware
2019-04-27 10:25:50,110 INFO 3124 [egg-security] use dta middleware
2019-04-27 10:25:50,110 INFO 3124 [egg-security] compose 6 middlewares into one security middleware
2019-04-27 10:25:50,132 INFO 3124 [egg:core] dump config after load, 8ms
2019-04-27 10:25:50,136 INFO 3124 [egg-mongoose] starting...
2019-04-27 10:25:50,176 INFO 3124 [egg-mongoose] mongodb://127.0.0.1/shoppingMall connected successfully
2019-04-27 10:25:50,183 INFO 3124 [egg-mongoose] instance[0] start successfully
2019-04-27 10:25:50,188 INFO 3124 [egg-watcher:application] watcher start success
2019-04-27 10:25:50,198 INFO 3124 [egg:core] dump config after ready, 8ms
2019-04-30 13:56:42,538 INFO 7004 [egg:logger] init all loggers with options: {"dir":"C:\\Users\\Administrator\\Desktop\\shop\\server\\logs\\server","encoding":"utf8","env":"local","level":"INFO","consoleLevel":"INFO","disableConsoleAfterReady":false,"outputJSON":false,"buffer":true,"appLogName":"server-web.log","coreLogName":"egg-web.log","agentLogName":"egg-agent.log","errorLogName":"common-error.log","coreLogger":{"consoleLevel":"WARN"},"allowDebugAtProd":false,"type":"application"}
2019-04-30 13:56:42,574 INFO 7004 [egg-multipart] stream mode enable
2019-04-30 13:56:42,879 INFO 7004 [egg-mongoose] connecting mongodb://127.0.0.1/shoppingMall
2019-04-30 13:56:43,116 INFO 7004 [egg-static] starting static serve /public/ -> C:\Users\Administrator\Desktop\shop\server\app\public
2019-04-30 13:56:43,119 INFO 7004 [egg-security] use methodnoallow middleware
2019-04-30 13:56:43,119 INFO 7004 [egg-security] use noopen middleware
2019-04-30 13:56:43,120 INFO 7004 [egg-security] use nosniff middleware
2019-04-30 13:56:43,121 INFO 7004 [egg-security] use xssProtection middleware
2019-04-30 13:56:43,121 INFO 7004 [egg-security] use xframe middleware
2019-04-30 13:56:43,121 INFO 7004 [egg-security] use dta middleware
2019-04-30 13:56:43,121 INFO 7004 [egg-security] compose 6 middlewares into one security middleware
2019-04-30 13:56:43,339 INFO 7004 [egg:core] dump config after load, 25ms
2019-04-30 13:56:43,347 INFO 7004 [egg-mongoose] starting...
2019-04-30 13:56:43,402 INFO 7004 [egg-watcher:application] watcher start success
2019-04-30 13:56:43,517 INFO 7004 [egg-mongoose] mongodb://127.0.0.1/shoppingMall connected successfully
2019-04-30 13:56:43,538 INFO 7004 [egg-mongoose] instance[0] start successfully
2019-04-30 13:56:43,555 INFO 7004 [egg:core] dump config after ready, 12ms
2019-04-30 14:03:27,941 INFO 1108 [egg:logger] init all loggers with options: {"dir":"C:\\Users\\Administrator\\Desktop\\shop\\server\\logs\\server","encoding":"utf8","env":"local","level":"INFO","consoleLevel":"INFO","disableConsoleAfterReady":false,"outputJSON":false,"buffer":true,"appLogName":"server-web.log","coreLogName":"egg-web.log","agentLogName":"egg-agent.log","errorLogName":"common-error.log","coreLogger":{"consoleLevel":"WARN"},"allowDebugAtProd":false,"type":"application"}
2019-04-30 14:03:27,982 INFO 1108 [egg-multipart] stream mode enable
2019-04-30 14:03:28,494 INFO 1108 [egg-mongoose] connecting mongodb://127.0.0.1/shoppingMall
2019-04-30 14:03:28,868 INFO 1108 [egg-static] starting static serve /public/ -> C:\Users\Administrator\Desktop\shop\server\app\public
2019-04-30 14:03:28,871 INFO 1108 [egg-security] use methodnoallow middleware
2019-04-30 14:03:28,872 INFO 1108 [egg-security] use noopen middleware
2019-04-30 14:03:28,873 INFO 1108 [egg-security] use nosniff middleware
2019-04-30 14:03:28,874 INFO 1108 [egg-security] use xssProtection middleware
2019-04-30 14:03:28,875 INFO 1108 [egg-security] use xframe middleware
2019-04-30 14:03:28,875 INFO 1108 [egg-security] use dta middleware
2019-04-30 14:03:28,875 INFO 1108 [egg-security] compose 6 middlewares into one security middleware
2019-04-30 14:03:28,898 INFO 1108 [egg:core] dump config after load, 5ms
2019-04-30 14:03:28,901 INFO 1108 [egg-mongoose] starting...
2019-04-30 14:03:28,938 INFO 1108 [egg-mongoose] mongodb://127.0.0.1/shoppingMall connected successfully
2019-04-30 14:03:28,945 INFO 1108 [egg-mongoose] instance[0] start successfully
2019-04-30 14:03:28,948 INFO 1108 [egg-watcher:application] watcher start success
2019-04-30 14:03:28,958 INFO 1108 [egg:core] dump config after ready, 7ms
2019-04-30 15:00:05,761 INFO 6380 [egg:logger] init all loggers with options: {"dir":"C:\\Users\\Administrator\\Desktop\\shop\\server\\logs\\server","encoding":"utf8","env":"local","level":"INFO","consoleLevel":"INFO","disableConsoleAfterReady":false,"outputJSON":false,"buffer":true,"appLogName":"server-web.log","coreLogName":"egg-web.log","agentLogName":"egg-agent.log","errorLogName":"common-error.log","coreLogger":{"consoleLevel":"WARN"},"allowDebugAtProd":false,"type":"application"}
2019-04-30 15:00:05,801 INFO 6380 [egg-multipart] stream mode enable
2019-04-30 15:00:06,250 INFO 6380 [egg-mongoose] connecting mongodb://127.0.0.1/shoppingMall
2019-04-30 15:00:06,600 INFO 6380 [egg-static] starting static serve /public/ -> C:\Users\Administrator\Desktop\shop\server\app\public
2019-04-30 15:00:06,603 INFO 6380 [egg-security] use methodnoallow middleware
2019-04-30 15:00:06,603 INFO 6380 [egg-security] use noopen middleware
2019-04-30 15:00:06,604 INFO 6380 [egg-security] use nosniff middleware
2019-04-30 15:00:06,605 INFO 6380 [egg-security] use xssProtection middleware
2019-04-30 15:00:06,605 INFO 6380 [egg-security] use xframe middleware
2019-04-30 15:00:06,606 INFO 6380 [egg-security] use dta middleware
2019-04-30 15:00:06,606 INFO 6380 [egg-security] compose 6 middlewares into one security middleware
2019-04-30 15:00:06,632 INFO 6380 [egg:core] dump config after load, 6ms
2019-04-30 15:00:06,635 INFO 6380 [egg-mongoose] starting...
2019-04-30 15:00:06,674 INFO 6380 [egg-mongoose] mongodb://127.0.0.1/shoppingMall connected successfully
2019-04-30 15:00:06,681 INFO 6380 [egg-mongoose] instance[0] start successfully
2019-04-30 15:00:06,686 INFO 6380 [egg-watcher:application] watcher start success
2019-04-30 15:00:06,693 INFO 6380 [egg:core] dump config after ready, 5ms
2019-04-30 15:01:10,396 INFO 6940 [egg:logger] init all loggers with options: {"dir":"C:\\Users\\Administrator\\Desktop\\shop\\server\\logs\\server","encoding":"utf8","env":"local","level":"INFO","consoleLevel":"INFO","disableConsoleAfterReady":false,"outputJSON":false,"buffer":true,"appLogName":"server-web.log","coreLogName":"egg-web.log","agentLogName":"egg-agent.log","errorLogName":"common-error.log","coreLogger":{"consoleLevel":"WARN"},"allowDebugAtProd":false,"type":"application"}
2019-04-30 15:01:10,434 INFO 6940 [egg-multipart] stream mode enable
2019-04-30 15:01:10,738 INFO 6940 [egg-mongoose] connecting mongodb://127.0.0.1/shoppingMall
2019-04-30 15:01:11,030 INFO 6940 [egg-static] starting static serve /public/ -> C:\Users\Administrator\Desktop\shop\server\app\public
2019-04-30 15:01:11,033 INFO 6940 [egg-security] use methodnoallow middleware
2019-04-30 15:01:11,034 INFO 6940 [egg-security] use noopen middleware
2019-04-30 15:01:11,035 INFO 6940 [egg-security] use nosniff middleware
2019-04-30 15:01:11,036 INFO 6940 [egg-security] use xssProtection middleware
2019-04-30 15:01:11,036 INFO 6940 [egg-security] use xframe middleware
2019-04-30 15:01:11,037 INFO 6940 [egg-security] use dta middleware
2019-04-30 15:01:11,037 INFO 6940 [egg-security] compose 6 middlewares into one security middleware
2019-04-30 15:01:11,070 INFO 6940 [egg:core] dump config after load, 8ms
2019-04-30 15:01:11,073 INFO 6940 [egg-mongoose] starting...
2019-04-30 15:01:11,119 INFO 6940 [egg-mongoose] mongodb://127.0.0.1/shoppingMall connected successfully
2019-04-30 15:01:11,127 INFO 6940 [egg-mongoose] instance[0] start successfully
2019-04-30 15:01:11,132 INFO 6940 [egg-watcher:application] watcher start success
2019-04-30 15:01:11,141 INFO 6940 [egg:core] dump config after ready, 7ms
2019-04-30 15:10:23,263 INFO 1588 [egg:logger] init all loggers with options: {"dir":"C:\\Users\\Administrator\\Desktop\\shop\\server\\logs\\server","encoding":"utf8","env":"local","level":"INFO","consoleLevel":"INFO","disableConsoleAfterReady":false,"outputJSON":false,"buffer":true,"appLogName":"server-web.log","coreLogName":"egg-web.log","agentLogName":"egg-agent.log","errorLogName":"common-error.log","coreLogger":{"consoleLevel":"WARN"},"allowDebugAtProd":false,"type":"application"}
2019-04-30 15:10:23,301 INFO 1588 [egg-multipart] stream mode enable
2019-04-30 15:10:23,661 INFO 1588 [egg-mongoose] connecting mongodb://127.0.0.1/shoppingMall
2019-04-30 15:10:23,886 INFO 1588 [egg-static] starting static serve /public/ -> C:\Users\Administrator\Desktop\shop\server\app\public
2019-04-30 15:10:23,888 INFO 1588 [egg-security] use methodnoallow middleware
2019-04-30 15:10:23,889 INFO 1588 [egg-security] use noopen middleware
2019-04-30 15:10:23,890 INFO 1588 [egg-security] use nosniff middleware
2019-04-30 15:10:23,890 INFO 1588 [egg-security] use xssProtection middleware
2019-04-30 15:10:23,891 INFO 1588 [egg-security] use xframe middleware
2019-04-30 15:10:23,891 INFO 1588 [egg-security] use dta middleware
2019-04-30 15:10:23,891 INFO 1588 [egg-security] compose 6 middlewares into one security middleware
2019-04-30 15:10:23,915 INFO 1588 [egg:core] dump config after load, 6ms
2019-04-30 15:10:23,918 INFO 1588 [egg-mongoose] starting...
2019-04-30 15:10:23,966 INFO 1588 [egg-mongoose] mongodb://127.0.0.1/shoppingMall connected successfully
2019-04-30 15:10:23,973 INFO 1588 [egg-mongoose] instance[0] start successfully
2019-04-30 15:10:23,975 INFO 1588 [egg-watcher:application] watcher start success
2019-04-30 15:10:23,985 INFO 1588 [egg:core] dump config after ready, 6ms
2019-04-30 16:00:34,873 INFO 2516 [egg:logger] init all loggers with options: {"dir":"C:\\Users\\Administrator\\Desktop\\shop\\server\\logs\\server","encoding":"utf8","env":"local","level":"INFO","consoleLevel":"INFO","disableConsoleAfterReady":false,"outputJSON":false,"buffer":true,"appLogName":"server-web.log","coreLogName":"egg-web.log","agentLogName":"egg-agent.log","errorLogName":"common-error.log","coreLogger":{"consoleLevel":"WARN"},"allowDebugAtProd":false,"type":"application"}
2019-04-30 16:00:34,907 INFO 2516 [egg-multipart] stream mode enable
2019-04-30 16:00:35,337 INFO 2516 [egg-mongoose] connecting mongodb://127.0.0.1/shoppingMall
2019-04-30 16:00:35,694 INFO 2516 [egg-static] starting static serve /public/ -> C:\Users\Administrator\Desktop\shop\server\app\public
2019-04-30 16:00:35,696 INFO 2516 [egg-security] use methodnoallow middleware
2019-04-30 16:00:35,697 INFO 2516 [egg-security] use noopen middleware
2019-04-30 16:00:35,698 INFO 2516 [egg-security] use nosniff middleware
2019-04-30 16:00:35,699 INFO 2516 [egg-security] use xssProtection middleware
2019-04-30 16:00:35,699 INFO 2516 [egg-security] use xframe middleware
2019-04-30 16:00:35,700 INFO 2516 [egg-security] use dta middleware
2019-04-30 16:00:35,700 INFO 2516 [egg-security] compose 6 middlewares into one security middleware
2019-04-30 16:00:35,724 INFO 2516 [egg:core] dump config after load, 6ms
2019-04-30 16:00:35,728 INFO 2516 [egg-mongoose] starting...
2019-04-30 16:00:35,778 INFO 2516 [egg-mongoose] mongodb://127.0.0.1/shoppingMall connected successfully
2019-04-30 16:00:35,785 INFO 2516 [egg-mongoose] instance[0] start successfully
2019-04-30 16:00:35,787 INFO 2516 [egg-watcher:application] watcher start success
2019-04-30 16:00:35,797 INFO 2516 [egg:core] dump config after ready, 7ms
2019-04-30 16:27:58,964 INFO 1652 [egg:logger] init all loggers with options: {"dir":"C:\\Users\\Administrator\\Desktop\\shop\\server\\logs\\server","encoding":"utf8","env":"local","level":"INFO","consoleLevel":"INFO","disableConsoleAfterReady":false,"outputJSON":false,"buffer":true,"appLogName":"server-web.log","coreLogName":"egg-web.log","agentLogName":"egg-agent.log","errorLogName":"common-error.log","coreLogger":{"consoleLevel":"WARN"},"allowDebugAtProd":false,"type":"application"}
2019-04-30 16:27:59,004 INFO 1652 [egg-multipart] stream mode enable
2019-04-30 16:27:59,447 INFO 1652 [egg-mongoose] connecting mongodb://127.0.0.1/shoppingMall
2019-04-30 16:27:59,766 INFO 1652 [egg-static] starting static serve /public/ -> C:\Users\Administrator\Desktop\shop\server\app\public
2019-04-30 16:27:59,768 INFO 1652 [egg-security] use methodnoallow middleware
2019-04-30 16:27:59,769 INFO 1652 [egg-security] use noopen middleware
2019-04-30 16:27:59,770 INFO 1652 [egg-security] use nosniff middleware
2019-04-30 16:27:59,770 INFO 1652 [egg-security] use xssProtection middleware
2019-04-30 16:27:59,771 INFO 1652 [egg-security] use xframe middleware
2019-04-30 16:27:59,771 INFO 1652 [egg-security] use dta middleware
2019-04-30 16:27:59,771 INFO 1652 [egg-security] compose 6 middlewares into one security middleware
2019-04-30 16:27:59,791 INFO 1652 [egg:core] dump config after load, 7ms
2019-04-30 16:27:59,795 INFO 1652 [egg-mongoose] starting...
2019-04-30 16:27:59,855 INFO 1652 [egg-mongoose] mongodb://127.0.0.1/shoppingMall connected successfully
2019-04-30 16:27:59,867 INFO 1652 [egg-mongoose] instance[0] start successfully
2019-04-30 16:27:59,872 INFO 1652 [egg-watcher:application] watcher start success
2019-04-30 16:27:59,891 INFO 1652 [egg:core] dump config after ready, 17ms
2019-05-08 11:13:01,282 INFO 7920 [egg:logger] init all loggers with options: {"dir":"C:\\Users\\Administrator\\Desktop\\shop\\server\\logs\\server","encoding":"utf8","env":"local","level":"INFO","consoleLevel":"INFO","disableConsoleAfterReady":false,"outputJSON":false,"buffer":true,"appLogName":"server-web.log","coreLogName":"egg-web.log","agentLogName":"egg-agent.log","errorLogName":"common-error.log","coreLogger":{"consoleLevel":"WARN"},"allowDebugAtProd":false,"type":"application"}
2019-05-08 11:13:01,317 INFO 7920 [egg-multipart] stream mode enable
2019-05-08 11:13:01,786 INFO 7920 [egg-mongoose] connecting mongodb://127.0.0.1/shoppingMall
2019-05-08 11:13:02,170 INFO 7920 [egg-static] starting static serve /public/ -> C:\Users\Administrator\Desktop\shop\server\app\public
2019-05-08 11:13:02,173 INFO 7920 [egg-security] use methodnoallow middleware
2019-05-08 11:13:02,174 INFO 7920 [egg-security] use noopen middleware
2019-05-08 11:13:02,175 INFO 7920 [egg-security] use nosniff middleware
2019-05-08 11:13:02,176 INFO 7920 [egg-security] use xssProtection middleware
2019-05-08 11:13:02,176 INFO 7920 [egg-security] use xframe middleware
2019-05-08 11:13:02,177 INFO 7920 [egg-security] use dta middleware
2019-05-08 11:13:02,177 INFO 7920 [egg-security] compose 6 middlewares into one security middleware
2019-05-08 11:13:02,203 INFO 7920 [egg:core] dump config after load, 7ms
2019-05-08 11:13:02,205 INFO 7920 [egg-mongoose] starting...
2019-05-08 11:13:02,244 INFO 7920 [egg-mongoose] mongodb://127.0.0.1/shoppingMall connected successfully
2019-05-08 11:13:02,251 INFO 7920 [egg-mongoose] instance[0] start successfully
2019-05-08 11:13:02,253 INFO 7920 [egg-watcher:application] watcher start success
2019-05-08 11:13:02,265 INFO 7920 [egg:core] dump config after ready, 9ms
2019-05-08 16:19:35,343 INFO 6608 [egg:logger] init all loggers with options: {"dir":"C:\\Users\\Administrator\\Desktop\\shop\\server\\logs\\server","encoding":"utf8","env":"local","level":"INFO","consoleLevel":"INFO","disableConsoleAfterReady":false,"outputJSON":false,"buffer":true,"appLogName":"server-web.log","coreLogName":"egg-web.log","agentLogName":"egg-agent.log","errorLogName":"common-error.log","coreLogger":{"consoleLevel":"WARN"},"allowDebugAtProd":false,"type":"application"}
2019-05-08 16:19:35,395 INFO 6608 [egg-multipart] stream mode enable
2019-05-08 16:19:36,206 INFO 6608 [egg-mongoose] connecting mongodb://127.0.0.1/shoppingMall
2019-05-08 16:19:36,761 INFO 6608 [egg-static] starting static serve /public/ -> C:\Users\Administrator\Desktop\shop\server\app\public
2019-05-08 16:19:36,765 INFO 6608 [egg-security] use methodnoallow middleware
2019-05-08 16:19:36,765 INFO 6608 [egg-security] use noopen middleware
2019-05-08 16:19:36,767 INFO 6608 [egg-security] use nosniff middleware
2019-05-08 16:19:36,767 INFO 6608 [egg-security] use xssProtection middleware
2019-05-08 16:19:36,768 INFO 6608 [egg-security] use xframe middleware
2019-05-08 16:19:36,769 INFO 6608 [egg-security] use dta middleware
2019-05-08 16:19:36,769 INFO 6608 [egg-security] compose 6 middlewares into one security middleware
2019-05-08 16:19:36,812 INFO 6608 [egg:core] dump config after load, 17ms
2019-05-08 16:19:36,816 INFO 6608 [egg-mongoose] starting...
2019-05-08 16:19:36,882 INFO 6608 [egg-mongoose] mongodb://127.0.0.1/shoppingMall connected successfully
2019-05-08 16:19:36,894 INFO 6608 [egg-mongoose] instance[0] start successfully
2019-05-08 16:19:36,897 INFO 6608 [egg-watcher:application] watcher start success
2019-05-08 16:19:36,916 INFO 6608 [egg:core] dump config after ready, 14ms
2019-05-10 08:53:01,754 INFO 3636 [egg:logger] init all loggers with options: {"dir":"C:\\Users\\Administrator\\Desktop\\shop\\server\\logs\\server","encoding":"utf8","env":"local","level":"INFO","consoleLevel":"INFO","disableConsoleAfterReady":false,"outputJSON":false,"buffer":true,"appLogName":"server-web.log","coreLogName":"egg-web.log","agentLogName":"egg-agent.log","errorLogName":"common-error.log","coreLogger":{"consoleLevel":"WARN"},"allowDebugAtProd":false,"type":"application"}
2019-05-10 08:53:01,791 INFO 3636 [egg-multipart] stream mode enable
2019-05-10 08:53:02,221 INFO 3636 [egg-mongoose] connecting mongodb://127.0.0.1/shoppingMall
2019-05-10 08:53:02,558 INFO 3636 [egg-static] starting static serve /public/ -> C:\Users\Administrator\Desktop\shop\server\app\public
2019-05-10 08:53:02,566 INFO 3636 [egg-security] use methodnoallow middleware
2019-05-10 08:53:02,567 INFO 3636 [egg-security] use noopen middleware
2019-05-10 08:53:02,568 INFO 3636 [egg-security] use nosniff middleware
2019-05-10 08:53:02,569 INFO 3636 [egg-security] use xssProtection middleware
2019-05-10 08:53:02,569 INFO 3636 [egg-security] use xframe middleware
2019-05-10 08:53:02,570 INFO 3636 [egg-security] use dta middleware
2019-05-10 08:53:02,570 INFO 3636 [egg-security] compose 6 middlewares into one security middleware
2019-05-10 08:53:02,592 INFO 3636 [egg:core] dump config after load, 5ms
2019-05-10 08:53:02,596 INFO 3636 [egg-mongoose] starting...
2019-05-10 08:53:02,634 INFO 3636 [egg-watcher:application] watcher start success
2019-05-10 08:53:02,638 INFO 3636 [egg-mongoose] mongodb://127.0.0.1/shoppingMall connected successfully
2019-05-10 08:53:02,645 INFO 3636 [egg-mongoose] instance[0] start successfully
2019-05-10 08:53:02,651 INFO 3636 [egg:core] dump config after ready, 5ms
2019-05-10 08:53:17,447 INFO 7048 [egg:logger] init all loggers with options: {"dir":"C:\\Users\\Administrator\\Desktop\\shop\\server\\logs\\server","encoding":"utf8","env":"local","level":"INFO","consoleLevel":"INFO","disableConsoleAfterReady":false,"outputJSON":false,"buffer":true,"appLogName":"server-web.log","coreLogName":"egg-web.log","agentLogName":"egg-agent.log","errorLogName":"common-error.log","coreLogger":{"consoleLevel":"WARN"},"allowDebugAtProd":false,"type":"application"}
2019-05-10 08:53:17,484 INFO 7048 [egg-multipart] stream mode enable
2019-05-10 08:53:17,774 INFO 7048 [egg-mongoose] connecting mongodb://127.0.0.1/shoppingMall
2019-05-10 08:53:18,005 INFO 7048 [egg-static] starting static serve /public/ -> C:\Users\Administrator\Desktop\shop\server\app\public
2019-05-10 08:53:18,008 INFO 7048 [egg-security] use methodnoallow middleware
2019-05-10 08:53:18,008 INFO 7048 [egg-security] use noopen middleware
2019-05-10 08:53:18,009 INFO 7048 [egg-security] use nosniff middleware
2019-05-10 08:53:18,009 INFO 7048 [egg-security] use xssProtection middleware
2019-05-10 08:53:18,010 INFO 7048 [egg-security] use xframe middleware
2019-05-10 08:53:18,010 INFO 7048 [egg-security] use dta middleware
2019-05-10 08:53:18,010 INFO 7048 [egg-security] compose 6 middlewares into one security middleware
2019-05-10 08:53:18,028 INFO 7048 [egg:core] dump config after load, 6ms
2019-05-10 08:53:18,030 INFO 7048 [egg-mongoose] starting...
2019-05-10 08:53:18,066 INFO 7048 [egg-mongoose] mongodb://127.0.0.1/shoppingMall connected successfully
2019-05-10 08:53:18,073 INFO 7048 [egg-mongoose] instance[0] start successfully
2019-05-10 08:53:18,075 INFO 7048 [egg-watcher:application] watcher start success
2019-05-10 08:53:18,087 INFO 7048 [egg:core] dump config after ready, 6ms
2019-07-01 09:48:43,781 INFO 404 [egg:logger] init all loggers with options: {"dir":"C:\\Users\\Administrator\\Desktop\\vue商城项目\\server\\logs\\server","encoding":"utf8","env":"local","level":"INFO","consoleLevel":"INFO","disableConsoleAfterReady":false,"outputJSON":false,"buffer":true,"appLogName":"server-web.log","coreLogName":"egg-web.log","agentLogName":"egg-agent.log","errorLogName":"common-error.log","coreLogger":{"consoleLevel":"WARN"},"allowDebugAtProd":false,"type":"application"}
2019-07-01 09:48:43,808 INFO 404 [egg-multipart] stream mode enable
2019-07-01 09:48:44,102 INFO 404 [egg-mongoose] connecting mongodb://127.0.0.1/shoppingMall
2019-07-01 09:48:44,329 INFO 404 [egg-static] starting static serve /public/ -> C:\Users\Administrator\Desktop\vue商城项目\server\app\public
2019-07-01 09:48:44,332 INFO 404 [egg-security] use methodnoallow middleware
2019-07-01 09:48:44,333 INFO 404 [egg-security] use noopen middleware
2019-07-01 09:48:44,333 INFO 404 [egg-security] use nosniff middleware
2019-07-01 09:48:44,334 INFO 404 [egg-security] use xssProtection middleware
2019-07-01 09:48:44,335 INFO 404 [egg-security] use xframe middleware
2019-07-01 09:48:44,335 INFO 404 [egg-security] use dta middleware
2019-07-01 09:48:44,335 INFO 404 [egg-security] compose 6 middlewares into one security middleware
2019-07-01 09:48:44,360 INFO 404 [egg:core] dump config after load, 9ms
2019-07-01 09:48:44,363 INFO 404 [egg-mongoose] starting...
2019-07-01 09:48:44,412 INFO 404 [egg-mongoose] mongodb://127.0.0.1/shoppingMall connected successfully
2019-07-01 09:48:44,420 INFO 404 [egg-mongoose] instance[0] start successfully
2019-07-01 09:48:44,423 INFO 404 [egg-watcher:application] watcher start success
2019-07-01 09:48:44,436 INFO 404 [egg:core] dump config after ready, 11ms
2019-07-03 14:42:37,659 INFO 9404 [egg:logger] init all loggers with options: {"dir":"C:\\Users\\Administrator\\Desktop\\vue商城项目\\server\\logs\\server","encoding":"utf8","env":"local","level":"INFO","consoleLevel":"INFO","disableConsoleAfterReady":false,"outputJSON":false,"buffer":true,"appLogName":"server-web.log","coreLogName":"egg-web.log","agentLogName":"egg-agent.log","errorLogName":"common-error.log","coreLogger":{"consoleLevel":"WARN"},"allowDebugAtProd":false,"type":"application"}
2019-07-03 14:42:37,688 INFO 9404 [egg-multipart] stream mode enable
2019-07-03 14:42:38,256 INFO 9404 [egg-mongoose] connecting mongodb://127.0.0.1/shoppingMall
2019-07-03 14:42:38,818 INFO 9404 [egg-static] starting static serve /public/ -> C:\Users\Administrator\Desktop\vue商城项目\server\app\public
2019-07-03 14:42:38,824 INFO 9404 [egg-security] use methodnoallow middleware
2019-07-03 14:42:38,826 INFO 9404 [egg-security] use noopen middleware
2019-07-03 14:42:38,827 INFO 9404 [egg-security] use nosniff middleware
2019-07-03 14:42:38,829 INFO 9404 [egg-security] use xssProtection middleware
2019-07-03 14:42:38,829 INFO 9404 [egg-security] use xframe middleware
2019-07-03 14:42:38,831 INFO 9404 [egg-security] use dta middleware
2019-07-03 14:42:38,831 INFO 9404 [egg-security] compose 6 middlewares into one security middleware
2019-07-03 14:42:38,873 INFO 9404 [egg:core] dump config after load, 11ms
2019-07-03 14:42:38,882 INFO 9404 [egg-mongoose] starting...
2019-07-03 14:42:38,939 INFO 9404 [egg-mongoose] mongodb://127.0.0.1/shoppingMall connected successfully
2019-07-03 14:42:38,946 INFO 9404 [egg-mongoose] instance[0] start successfully
2019-07-03 14:42:38,949 INFO 9404 [egg-watcher:application] watcher start success
2019-07-03 14:42:38,962 INFO 9404 [egg:core] dump config after ready, 8ms
2019-07-03 15:24:23,550 INFO 10252 [egg:logger] init all loggers with options: {"dir":"C:\\Users\\Administrator\\Desktop\\vue商城项目\\server\\logs\\server","encoding":"utf8","env":"local","level":"INFO","consoleLevel":"INFO","disableConsoleAfterReady":false,"outputJSON":false,"buffer":true,"appLogName":"server-web.log","coreLogName":"egg-web.log","agentLogName":"egg-agent.log","errorLogName":"common-error.log","coreLogger":{"consoleLevel":"WARN"},"allowDebugAtProd":false,"type":"application"}
2019-07-03 15:24:23,579 INFO 10252 [egg-multipart] stream mode enable
2019-07-03 15:24:24,217 INFO 10252 [egg-mongoose] connecting mongodb://127.0.0.1/shoppingMall
2019-07-03 15:24:24,649 INFO 10252 [egg-static] starting static serve /public/ -> C:\Users\Administrator\Desktop\vue商城项目\server\app\public
2019-07-03 15:24:24,652 INFO 10252 [egg-security] use methodnoallow middleware
2019-07-03 15:24:24,653 INFO 10252 [egg-security] use noopen middleware
2019-07-03 15:24:24,654 INFO 10252 [egg-security] use nosniff middleware
2019-07-03 15:24:24,655 INFO 10252 [egg-security] use xssProtection middleware
2019-07-03 15:24:24,656 INFO 10252 [egg-security] use xframe middleware
2019-07-03 15:24:24,656 INFO 10252 [egg-security] use dta middleware
2019-07-03 15:24:24,656 INFO 10252 [egg-security] compose 6 middlewares into one security middleware
2019-07-03 15:24:24,684 INFO 10252 [egg:core] dump config after load, 7ms
2019-07-03 15:24:24,687 INFO 10252 [egg-mongoose] starting...
2019-07-03 15:24:24,727 INFO 10252 [egg-mongoose] mongodb://127.0.0.1/shoppingMall connected successfully
2019-07-03 15:24:24,735 INFO 10252 [egg-mongoose] instance[0] start successfully
2019-07-03 15:24:24,737 INFO 10252 [egg-watcher:application] watcher start success
2019-07-03 15:24:24,748 INFO 10252 [egg:core] dump config after ready, 7ms
2019-12-28 13:23:02,206 INFO 8112 [egg:logger] init all loggers with options: {"dir":"C:\\Users\\asus\\Desktop\\培训项目们\\Shopping\\server\\logs\\server","encoding":"utf8","env":"local","level":"INFO","consoleLevel":"INFO","disableConsoleAfterReady":false,"outputJSON":false,"buffer":true,"appLogName":"server-web.log","coreLogName":"egg-web.log","agentLogName":"egg-agent.log","errorLogName":"common-error.log","coreLogger":{"consoleLevel":"WARN"},"allowDebugAtProd":false,"type":"application"}
2019-12-28 13:23:02,266 INFO 8112 [egg-multipart] stream mode enable
2019-12-28 13:23:02,857 INFO 8112 [egg-mongoose] connecting mongodb://127.0.0.1/shoppingMall
2019-12-28 13:23:03,469 INFO 8112 [egg-static] starting static serve /public/ -> C:\Users\asus\Desktop\培训项目们\Shopping\server\app\public
2019-12-28 13:23:03,474 INFO 8112 [egg-security] use methodnoallow middleware
2019-12-28 13:23:03,475 INFO 8112 [egg-security] use noopen middleware
2019-12-28 13:23:03,478 INFO 8112 [egg-security] use nosniff middleware
2019-12-28 13:23:03,479 INFO 8112 [egg-security] use xssProtection middleware
2019-12-28 13:23:03,494 INFO 8112 [egg-security] use xframe middleware
2019-12-28 13:23:03,495 INFO 8112 [egg-security] use dta middleware
2019-12-28 13:23:03,495 INFO 8112 [egg-security] compose 6 middlewares into one security middleware
2019-12-28 13:23:03,570 INFO 8112 [egg:core] dump config after load, 17ms
2019-12-28 13:23:03,581 INFO 8112 [egg-mongoose] starting...
2019-12-28 13:23:03,692 INFO 8112 [egg-mongoose] mongodb://127.0.0.1/shoppingMall connected successfully
2019-12-28 13:23:03,707 INFO 8112 [egg-mongoose] instance[0] start successfully
2019-12-28 13:23:03,710 INFO 8112 [egg-watcher:application] watcher start success
2019-12-28 13:23:03,727 INFO 8112 [egg:core] dump config after ready, 14ms
2019-12-28 13:23:43,658 INFO 6140 [egg:logger] init all loggers with options: {"dir":"C:\\Users\\asus\\Desktop\\培训项目们\\Shopping\\server\\logs\\server","encoding":"utf8","env":"local","level":"INFO","consoleLevel":"INFO","disableConsoleAfterReady":false,"outputJSON":false,"buffer":true,"appLogName":"server-web.log","coreLogName":"egg-web.log","agentLogName":"egg-agent.log","errorLogName":"common-error.log","coreLogger":{"consoleLevel":"WARN"},"allowDebugAtProd":false,"type":"application"}
2019-12-28 13:23:43,701 INFO 6140 [egg-multipart] stream mode enable
2019-12-28 13:23:44,239 INFO 6140 [egg-mongoose] connecting mongodb://127.0.0.1/shoppingMall
2019-12-28 13:23:44,688 INFO 6140 [egg-static] starting static serve /public/ -> C:\Users\asus\Desktop\培训项目们\Shopping\server\app\public
2019-12-28 13:23:44,693 INFO 6140 [egg-security] use methodnoallow middleware
2019-12-28 13:23:44,694 INFO 6140 [egg-security] use noopen middleware
2019-12-28 13:23:44,697 INFO 6140 [egg-security] use nosniff middleware
2019-12-28 13:23:44,698 INFO 6140 [egg-security] use xssProtection middleware
2019-12-28 13:23:44,698 INFO 6140 [egg-security] use xframe middleware
2019-12-28 13:23:44,700 INFO 6140 [egg-security] use dta middleware
2019-12-28 13:23:44,700 INFO 6140 [egg-security] compose 6 middlewares into one security middleware
2019-12-28 13:23:44,735 INFO 6140 [egg:core] dump config after load, 13ms
2019-12-28 13:23:44,741 INFO 6140 [egg-mongoose] starting...
2019-12-28 13:23:44,831 INFO 6140 [egg-mongoose] mongodb://127.0.0.1/shoppingMall connected successfully
2019-12-28 13:23:44,841 INFO 6140 [egg-mongoose] instance[0] start successfully
2019-12-28 13:23:44,844 INFO 6140 [egg-watcher:application] watcher start success
2019-12-28 13:23:44,870 INFO 6140 [egg:core] dump config after ready, 21ms
2019-12-28 16:16:05,262 INFO 5440 [egg:logger] init all loggers with options: {"dir":"C:\\Users\\asus\\Desktop\\培训项目们\\Shopping\\server\\logs\\server","encoding":"utf8","env":"local","level":"INFO","consoleLevel":"INFO","disableConsoleAfterReady":false,"outputJSON":false,"buffer":true,"appLogName":"server-web.log","coreLogName":"egg-web.log","agentLogName":"egg-agent.log","errorLogName":"common-error.log","coreLogger":{"consoleLevel":"WARN"},"allowDebugAtProd":false,"type":"application"}
2019-12-28 16:16:05,339 INFO 5440 [egg-multipart] stream mode enable
2019-12-28 16:16:06,253 INFO 5440 [egg-mongoose] connecting mongodb://127.0.0.1/shoppingMall
2019-12-28 16:16:07,089 INFO 5440 [egg-static] starting static serve /public/ -> C:\Users\asus\Desktop\培训项目们\Shopping\server\app\public
2019-12-28 16:16:07,094 INFO 5440 [egg-security] use methodnoallow middleware
2019-12-28 16:16:07,095 INFO 5440 [egg-security] use noopen middleware
2019-12-28 16:16:07,099 INFO 5440 [egg-security] use nosniff middleware
2019-12-28 16:16:07,100 INFO 5440 [egg-security] use xssProtection middleware
2019-12-28 16:16:07,101 INFO 5440 [egg-security] use xframe middleware
2019-12-28 16:16:07,103 INFO 5440 [egg-security] use dta middleware
2019-12-28 16:16:07,103 INFO 5440 [egg-security] compose 6 middlewares into one security middleware
2019-12-28 16:16:07,140 INFO 5440 [egg:core] dump config after load, 8ms
2019-12-28 16:16:07,146 INFO 5440 [egg-mongoose] starting...
2019-12-28 16:16:07,218 INFO 5440 [egg-mongoose] mongodb://127.0.0.1/shoppingMall connected successfully
2019-12-28 16:16:07,235 INFO 5440 [egg-mongoose] instance[0] start successfully
2019-12-28 16:16:07,238 INFO 5440 [egg-watcher:application] watcher start success
2019-12-28 16:16:07,254 INFO 5440 [egg:core] dump config after ready, 11ms
2019-12-29 09:46:34,214 INFO 8268 [egg:logger] init all loggers with options: {"dir":"C:\\Users\\asus\\Desktop\\培训项目们\\Shopping\\server\\logs\\server","encoding":"utf8","env":"local","level":"INFO","consoleLevel":"INFO","disableConsoleAfterReady":false,"outputJSON":false,"buffer":true,"appLogName":"server-web.log","coreLogName":"egg-web.log","agentLogName":"egg-agent.log","errorLogName":"common-error.log","coreLogger":{"consoleLevel":"WARN"},"allowDebugAtProd":false,"type":"application"}
2019-12-29 09:46:34,283 INFO 8268 [egg-multipart] stream mode enable
2019-12-29 09:46:35,463 INFO 8268 [egg-mongoose] connecting mongodb://127.0.0.1/shoppingMall
2019-12-29 09:46:36,233 INFO 8268 [egg-static] starting static serve /public/ -> C:\Users\asus\Desktop\培训项目们\Shopping\server\app\public
2019-12-29 09:46:36,238 INFO 8268 [egg-security] use methodnoallow middleware
2019-12-29 09:46:36,239 INFO 8268 [egg-security] use noopen middleware
2019-12-29 09:46:36,242 INFO 8268 [egg-security] use nosniff middleware
2019-12-29 09:46:36,244 INFO 8268 [egg-security] use xssProtection middleware
2019-12-29 09:46:36,246 INFO 8268 [egg-security] use xframe middleware
2019-12-29 09:46:36,247 INFO 8268 [egg-security] use dta middleware
2019-12-29 09:46:36,247 INFO 8268 [egg-security] compose 6 middlewares into one security middleware
2019-12-29 09:46:36,294 INFO 8268 [egg:core] dump config after load, 9ms
2019-12-29 09:46:36,303 INFO 8268 [egg-mongoose] starting...
2019-12-29 09:46:36,426 INFO 8268 [egg-mongoose] mongodb://127.0.0.1/shoppingMall connected successfully
2019-12-29 09:46:36,436 INFO 8268 [egg-mongoose] instance[0] start successfully
2019-12-29 09:46:36,440 INFO 8268 [egg-watcher:application] watcher start success
2019-12-29 09:46:36,461 INFO 8268 [egg:core] dump config after ready, 16ms
2019-12-29 09:46:37,046 INFO 10712 [egg:logger] init all loggers with options: {"dir":"C:\\Users\\asus\\Desktop\\培训项目们\\Shopping\\server\\logs\\server","encoding":"utf8","env":"local","level":"INFO","consoleLevel":"INFO","disableConsoleAfterReady":false,"outputJSON":false,"buffer":true,"appLogName":"server-web.log","coreLogName":"egg-web.log","agentLogName":"egg-agent.log","errorLogName":"common-error.log","coreLogger":{"consoleLevel":"WARN"},"allowDebugAtProd":false,"type":"application"}
2019-12-29 09:46:37,091 INFO 10712 [egg-multipart] stream mode enable
2019-12-29 09:46:37,632 INFO 10712 [egg-mongoose] connecting mongodb://127.0.0.1/shoppingMall
2019-12-29 09:46:38,101 INFO 10712 [egg-static] starting static serve /public/ -> C:\Users\asus\Desktop\培训项目们\Shopping\server\app\public
2019-12-29 09:46:38,106 INFO 10712 [egg-security] use methodnoallow middleware
2019-12-29 09:46:38,107 INFO 10712 [egg-security] use noopen middleware
2019-12-29 09:46:38,109 INFO 10712 [egg-security] use nosniff middleware
2019-12-29 09:46:38,110 INFO 10712 [egg-security] use xssProtection middleware
2019-12-29 09:46:38,111 INFO 10712 [egg-security] use xframe middleware
2019-12-29 09:46:38,112 INFO 10712 [egg-security] use dta middleware
2019-12-29 09:46:38,112 INFO 10712 [egg-security] compose 6 middlewares into one security middleware
2019-12-29 09:46:38,151 INFO 10712 [egg:core] dump config after load, 13ms
2019-12-29 09:46:38,157 INFO 10712 [egg-mongoose] starting...
2019-12-29 09:46:38,243 INFO 10712 [egg-mongoose] mongodb://127.0.0.1/shoppingMall connected successfully
2019-12-29 09:46:38,254 INFO 10712 [egg-mongoose] instance[0] start successfully
2019-12-29 09:46:38,270 INFO 10712 [egg-watcher:application] watcher start success
2019-12-29 09:46:38,288 INFO 10712 [egg:core] dump config after ready, 14ms
2019-12-29 09:46:40,114 INFO 10132 [egg:logger] init all loggers with options: {"dir":"C:\\Users\\asus\\Desktop\\培训项目们\\Shopping\\server\\logs\\server","encoding":"utf8","env":"local","level":"INFO","consoleLevel":"INFO","disableConsoleAfterReady":false,"outputJSON":false,"buffer":true,"appLogName":"server-web.log","coreLogName":"egg-web.log","agentLogName":"egg-agent.log","errorLogName":"common-error.log","coreLogger":{"consoleLevel":"WARN"},"allowDebugAtProd":false,"type":"application"}
2019-12-29 09:46:40,156 INFO 10132 [egg-multipart] stream mode enable
2019-12-29 09:46:40,757 INFO 10132 [egg-mongoose] connecting mongodb://127.0.0.1/shoppingMall
2019-12-29 09:46:41,452 INFO 10132 [egg-static] starting static serve /public/ -> C:\Users\asus\Desktop\培训项目们\Shopping\server\app\public
2019-12-29 09:46:41,460 INFO 10132 [egg-security] use methodnoallow middleware
2019-12-29 09:46:41,462 INFO 10132 [egg-security] use noopen middleware
2019-12-29 09:46:41,467 INFO 10132 [egg-security] use nosniff middleware
2019-12-29 09:46:41,469 INFO 10132 [egg-security] use xssProtection middleware
2019-12-29 09:46:41,470 INFO 10132 [egg-security] use xframe middleware
2019-12-29 09:46:41,472 INFO 10132 [egg-security] use dta middleware
2019-12-29 09:46:41,472 INFO 10132 [egg-security] compose 6 middlewares into one security middleware
2019-12-29 09:46:41,532 INFO 10132 [egg:core] dump config after load, 17ms
2019-12-29 09:46:41,542 INFO 10132 [egg-mongoose] starting...
2019-12-29 09:46:41,658 INFO 10132 [egg-mongoose] mongodb://127.0.0.1/shoppingMall connected successfully
2019-12-29 09:46:41,677 INFO 10132 [egg-mongoose] instance[0] start successfully
2019-12-29 09:46:41,692 INFO 10132 [egg-watcher:application] watcher start success
2019-12-29 09:46:41,710 INFO 10132 [egg:core] dump config after ready, 14ms
2019-12-29 12:26:43,175 INFO 18084 [egg:logger] init all loggers with options: {"dir":"C:\\Users\\asus\\Desktop\\培训项目们\\Shopping\\server\\logs\\server","encoding":"utf8","env":"local","level":"INFO","consoleLevel":"INFO","disableConsoleAfterReady":false,"outputJSON":false,"buffer":true,"appLogName":"server-web.log","coreLogName":"egg-web.log","agentLogName":"egg-agent.log","errorLogName":"common-error.log","coreLogger":{"consoleLevel":"WARN"},"allowDebugAtProd":false,"type":"application"}
2019-12-29 12:26:44,570 INFO 18084 [egg-multipart] stream mode enable
2019-12-29 12:26:49,012 INFO 18084 [egg-mongoose] connecting mongodb://127.0.0.1/shoppingMall
2019-12-29 12:26:57,026 INFO 18084 [egg-static] starting static serve /public/ -> C:\Users\asus\Desktop\培训项目们\Shopping\server\app\public
2019-12-29 12:26:57,035 INFO 18084 [egg-security] use methodnoallow middleware
2019-12-29 12:26:57,037 INFO 18084 [egg-security] use noopen middleware
2019-12-29 12:26:57,042 INFO 18084 [egg-security] use nosniff middleware
2019-12-29 12:26:57,262 INFO 18084 [egg-security] use xssProtection middleware
2019-12-29 12:26:57,264 INFO 18084 [egg-security] use xframe middleware
2019-12-29 12:26:57,266 INFO 18084 [egg-security] use dta middleware
2019-12-29 12:26:57,266 INFO 18084 [egg-security] compose 6 middlewares into one security middleware
2019-12-29 12:26:58,185 INFO 18084 [egg:core] dump config after load, 620ms
2019-12-29 12:26:58,561 INFO 18084 [egg-mongoose] starting...
2019-12-29 12:27:00,028 INFO 18084 [egg-mongoose] mongodb://127.0.0.1/shoppingMall connected successfully
2019-12-29 12:27:01,293 INFO 18084 [egg-mongoose] instance[0] start successfully
2019-12-29 12:27:01,306 INFO 18084 [egg-watcher:application] watcher start success
2019-12-29 12:27:01,502 INFO 18084 [egg:core] dump config after ready, 191ms
2019-12-29 12:27:12,893 INFO 11692 [egg:logger] init all loggers with options: {"dir":"C:\\Users\\asus\\Desktop\\培训项目们\\Shopping\\server\\logs\\server","encoding":"utf8","env":"local","level":"INFO","consoleLevel":"INFO","disableConsoleAfterReady":false,"outputJSON":false,"buffer":true,"appLogName":"server-web.log","coreLogName":"egg-web.log","agentLogName":"egg-agent.log","errorLogName":"common-error.log","coreLogger":{"consoleLevel":"WARN"},"allowDebugAtProd":false,"type":"application"}
2019-12-29 12:27:13,980 INFO 11692 [egg-multipart] stream mode enable
2019-12-29 12:27:19,798 INFO 11692 [egg-mongoose] connecting mongodb://127.0.0.1/shoppingMall
2019-12-29 12:27:23,275 INFO 11692 [egg-static] starting static serve /public/ -> C:\Users\asus\Desktop\培训项目们\Shopping\server\app\public
2019-12-29 12:27:23,364 INFO 11692 [egg-security] use methodnoallow middleware
2019-12-29 12:27:23,366 INFO 11692 [egg-security] use noopen middleware
2019-12-29 12:27:23,370 INFO 11692 [egg-security] use nosniff middleware
2019-12-29 12:27:23,372 INFO 11692 [egg-security] use xssProtection middleware
2019-12-29 12:27:23,373 INFO 11692 [egg-security] use xframe middleware
2019-12-29 12:27:23,375 INFO 11692 [egg-security] use dta middleware
2019-12-29 12:27:23,375 INFO 11692 [egg-security] compose 6 middlewares into one security middleware
2019-12-29 12:27:23,728 INFO 11692 [egg:core] dump config after load, 205ms
2019-12-29 12:27:23,747 INFO 11692 [egg-mongoose] starting...
2019-12-29 12:27:25,538 INFO 11692 [egg-mongoose] mongodb://127.0.0.1/shoppingMall connected successfully
2019-12-29 12:27:26,172 INFO 11692 [egg-mongoose] instance[0] start successfully
2019-12-29 12:27:26,403 INFO 11692 [egg-watcher:application] watcher start success
2019-12-29 12:27:27,465 INFO 11692 [egg:core] dump config after ready, 1s
2019-12-29 12:27:56,949 INFO 11084 [egg:logger] init all loggers with options: {"dir":"C:\\Users\\asus\\Desktop\\培训项目们\\Shopping\\server\\logs\\server","encoding":"utf8","env":"local","level":"INFO","consoleLevel":"INFO","disableConsoleAfterReady":false,"outputJSON":false,"buffer":true,"appLogName":"server-web.log","coreLogName":"egg-web.log","agentLogName":"egg-agent.log","errorLogName":"common-error.log","coreLogger":{"consoleLevel":"WARN"},"allowDebugAtProd":false,"type":"application"}
2019-12-29 12:27:57,771 INFO 11084 [egg-multipart] stream mode enable
2019-12-29 12:28:01,653 INFO 11084 [egg-mongoose] connecting mongodb://127.0.0.1/shoppingMall
2019-12-29 12:28:05,850 INFO 11084 [egg-static] starting static serve /public/ -> C:\Users\asus\Desktop\培训项目们\Shopping\server\app\public
2019-12-29 12:28:05,858 INFO 11084 [egg-security] use methodnoallow middleware
2019-12-29 12:28:05,860 INFO 11084 [egg-security] use noopen middleware
2019-12-29 12:28:05,864 INFO 11084 [egg-security] use nosniff middleware
2019-12-29 12:28:05,865 INFO 11084 [egg-security] use xssProtection middleware
2019-12-29 12:28:05,867 INFO 11084 [egg-security] use xframe middleware
2019-12-29 12:28:05,869 INFO 11084 [egg-security] use dta middleware
2019-12-29 12:28:05,869 INFO 11084 [egg-security] compose 6 middlewares into one security middleware
2019-12-29 12:28:06,462 INFO 11084 [egg:core] dump config after load, 367ms
2019-12-29 12:28:06,947 INFO 11084 [egg-mongoose] starting...
2019-12-29 12:28:08,154 INFO 11084 [egg-mongoose] mongodb://127.0.0.1/shoppingMall connected successfully
2019-12-29 12:28:08,495 INFO 11084 [egg-mongoose] instance[0] start successfully
2019-12-29 12:28:08,554 INFO 11084 [egg-watcher:application] watcher start success
2019-12-29 12:28:08,803 INFO 11084 [egg:core] dump config after ready, 244ms
2019-12-29 19:57:21,030 INFO 14748 [egg:logger] init all loggers with options: {"dir":"C:\\Users\\asus\\Desktop\\培训项目们\\Shopping\\server\\logs\\server","encoding":"utf8","env":"local","level":"INFO","consoleLevel":"INFO","disableConsoleAfterReady":false,"outputJSON":false,"buffer":true,"appLogName":"server-web.log","coreLogName":"egg-web.log","agentLogName":"egg-agent.log","errorLogName":"common-error.log","coreLogger":{"consoleLevel":"WARN"},"allowDebugAtProd":false,"type":"application"}
2019-12-29 19:57:21,121 INFO 14748 [egg-multipart] stream mode enable
2019-12-29 19:57:22,131 INFO 14748 [egg-mongoose] connecting mongodb://127.0.0.1/shoppingMall
2019-12-29 19:57:23,162 INFO 14748 [egg-static] starting static serve /public/ -> C:\Users\asus\Desktop\培训项目们\Shopping\server\app\public
2019-12-29 19:57:23,168 INFO 14748 [egg-security] use methodnoallow middleware
2019-12-29 19:57:23,170 INFO 14748 [egg-security] use noopen middleware
2019-12-29 19:57:23,173 INFO 14748 [egg-security] use nosniff middleware
2019-12-29 19:57:23,175 INFO 14748 [egg-security] use xssProtection middleware
2019-12-29 19:57:23,176 INFO 14748 [egg-security] use xframe middleware
2019-12-29 19:57:23,178 INFO 14748 [egg-security] use dta middleware
2019-12-29 19:57:23,178 INFO 14748 [egg-security] compose 6 middlewares into one security middleware
2019-12-29 19:57:23,232 INFO 14748 [egg:core] dump config after load, 14ms
2019-12-29 19:57:23,241 INFO 14748 [egg-mongoose] starting...
2019-12-29 19:57:23,356 INFO 14748 [egg-mongoose] mongodb://127.0.0.1/shoppingMall connected successfully
2019-12-29 19:57:23,379 INFO 14748 [egg-mongoose] instance[0] start successfully
2019-12-29 19:57:23,385 INFO 14748 [egg-watcher:application] watcher start success
2019-12-29 19:57:23,410 INFO 14748 [egg:core] dump config after ready, 17ms
2019-12-29 19:57:28,502 INFO 19548 [egg:logger] init all loggers with options: {"dir":"C:\\Users\\asus\\Desktop\\培训项目们\\Shopping\\server\\logs\\server","encoding":"utf8","env":"local","level":"INFO","consoleLevel":"INFO","disableConsoleAfterReady":false,"outputJSON":false,"buffer":true,"appLogName":"server-web.log","coreLogName":"egg-web.log","agentLogName":"egg-agent.log","errorLogName":"common-error.log","coreLogger":{"consoleLevel":"WARN"},"allowDebugAtProd":false,"type":"application"}
2019-12-29 19:57:28,586 INFO 19548 [egg-multipart] stream mode enable
2019-12-29 19:57:29,430 INFO 19548 [egg-mongoose] connecting mongodb://127.0.0.1/shoppingMall
2019-12-29 19:57:30,083 INFO 19548 [egg-static] starting static serve /public/ -> C:\Users\asus\Desktop\培训项目们\Shopping\server\app\public
2019-12-29 19:57:30,090 INFO 19548 [egg-security] use methodnoallow middleware
2019-12-29 19:57:30,092 INFO 19548 [egg-security] use noopen middleware
2019-12-29 19:57:30,095 INFO 19548 [egg-security] use nosniff middleware
2019-12-29 19:57:30,097 INFO 19548 [egg-security] use xssProtection middleware
2019-12-29 19:57:30,098 INFO 19548 [egg-security] use xframe middleware
2019-12-29 19:57:30,100 INFO 19548 [egg-security] use dta middleware
2019-12-29 19:57:30,100 INFO 19548 [egg-security] compose 6 middlewares into one security middleware
2019-12-29 19:57:30,153 INFO 19548 [egg:core] dump config after load, 18ms
2019-12-29 19:57:30,163 INFO 19548 [egg-mongoose] starting...
2019-12-29 19:57:30,260 INFO 19548 [egg-mongoose] mongodb://127.0.0.1/shoppingMall connected successfully
2019-12-29 19:57:30,288 INFO 19548 [egg-mongoose] instance[0] start successfully
2019-12-29 19:57:30,297 INFO 19548 [egg-watcher:application] watcher start success
2019-12-29 19:57:30,317 INFO 19548 [egg:core] dump config after ready, 18ms
2019-12-29 20:05:07,266 INFO 7452 [egg:logger] init all loggers with options: {"dir":"C:\\Users\\asus\\Desktop\\培训项目们\\Shopping\\server\\logs\\server","encoding":"utf8","env":"local","level":"INFO","consoleLevel":"INFO","disableConsoleAfterReady":false,"outputJSON":false,"buffer":true,"appLogName":"server-web.log","coreLogName":"egg-web.log","agentLogName":"egg-agent.log","errorLogName":"common-error.log","coreLogger":{"consoleLevel":"WARN"},"allowDebugAtProd":false,"type":"application"}
2019-12-29 20:05:07,344 INFO 7452 [egg-multipart] stream mode enable
2019-12-29 20:05:08,110 INFO 7452 [egg-mongoose] connecting mongodb://127.0.0.1/shoppingMall
2019-12-29 20:05:08,582 INFO 7452 [egg-static] starting static serve /public/ -> C:\Users\asus\Desktop\培训项目们\Shopping\server\app\public
2019-12-29 20:05:08,587 INFO 7452 [egg-security] use methodnoallow middleware
2019-12-29 20:05:08,588 INFO 7452 [egg-security] use noopen middleware
2019-12-29 20:05:08,590 INFO 7452 [egg-security] use nosniff middleware
2019-12-29 20:05:08,591 INFO 7452 [egg-security] use xssProtection middleware
2019-12-29 20:05:08,592 INFO 7452 [egg-security] use xframe middleware
2019-12-29 20:05:08,593 INFO 7452 [egg-security] use dta middleware
2019-12-29 20:05:08,593 INFO 7452 [egg-security] compose 6 middlewares into one security middleware
2019-12-29 20:05:08,625 INFO 7452 [egg:core] dump config after load, 8ms
2019-12-29 20:05:08,635 INFO 7452 [egg-mongoose] starting...
2019-12-29 20:05:08,734 INFO 7452 [egg-mongoose] mongodb://127.0.0.1/shoppingMall connected successfully
2019-12-29 20:05:08,745 INFO 7452 [egg-mongoose] instance[0] start successfully
2019-12-29 20:05:08,748 INFO 7452 [egg-watcher:application] watcher start success
2019-12-29 20:05:08,768 INFO 7452 [egg:core] dump config after ready, 15ms
2019-12-30 08:11:44,982 INFO 12788 [egg:logger] init all loggers with options: {"dir":"C:\\Users\\asus\\Desktop\\培训项目们\\Shopping\\server\\logs\\server","encoding":"utf8","env":"local","level":"INFO","consoleLevel":"INFO","disableConsoleAfterReady":false,"outputJSON":false,"buffer":true,"appLogName":"server-web.log","coreLogName":"egg-web.log","agentLogName":"egg-agent.log","errorLogName":"common-error.log","coreLogger":{"consoleLevel":"WARN"},"allowDebugAtProd":false,"type":"application"}
2019-12-30 08:11:46,582 INFO 12788 [egg-multipart] stream mode enable
2019-12-30 08:11:51,990 INFO 12788 [egg-mongoose] connecting mongodb://127.0.0.1/shoppingMall
2019-12-30 08:11:56,503 INFO 12788 [egg-static] starting static serve /public/ -> C:\Users\asus\Desktop\培训项目们\Shopping\server\app\public
2019-12-30 08:11:56,511 INFO 12788 [egg-security] use methodnoallow middleware
2019-12-30 08:11:56,516 INFO 12788 [egg-security] use noopen middleware
2019-12-30 08:11:56,519 INFO 12788 [egg-security] use nosniff middleware
2019-12-30 08:11:56,521 INFO 12788 [egg-security] use xssProtection middleware
2019-12-30 08:11:56,523 INFO 12788 [egg-security] use xframe middleware
2019-12-30 08:11:56,524 INFO 12788 [egg-security] use dta middleware
2019-12-30 08:11:56,525 INFO 12788 [egg-security] compose 6 middlewares into one security middleware
2019-12-30 08:11:57,129 INFO 12788 [egg:core] dump config after load, 378ms
2019-12-30 08:11:57,743 INFO 12788 [egg-mongoose] starting...
2019-12-30 08:11:59,051 INFO 12788 [egg-mongoose] mongodb://127.0.0.1/shoppingMall connected successfully
2019-12-30 08:11:59,758 INFO 12788 [egg-mongoose] instance[0] start successfully
2019-12-30 08:11:59,769 INFO 12788 [egg-watcher:application] watcher start success
2019-12-30 08:12:00,340 INFO 12788 [egg:core] dump config after ready, 567ms
2019-12-30 08:12:15,065 INFO 18320 [egg:logger] init all loggers with options: {"dir":"C:\\Users\\asus\\Desktop\\培训项目们\\Shopping\\server\\logs\\server","encoding":"utf8","env":"local","level":"INFO","consoleLevel":"INFO","disableConsoleAfterReady":false,"outputJSON":false,"buffer":true,"appLogName":"server-web.log","coreLogName":"egg-web.log","agentLogName":"egg-agent.log","errorLogName":"common-error.log","coreLogger":{"consoleLevel":"WARN"},"allowDebugAtProd":false,"type":"application"}
2019-12-30 08:12:16,458 INFO 18320 [egg-multipart] stream mode enable
2019-12-30 08:12:21,146 INFO 18320 [egg-mongoose] connecting mongodb://127.0.0.1/shoppingMall
2019-12-30 08:12:27,732 INFO 18320 [egg-static] starting static serve /public/ -> C:\Users\asus\Desktop\培训项目们\Shopping\server\app\public
2019-12-30 08:12:27,740 INFO 18320 [egg-security] use methodnoallow middleware
2019-12-30 08:12:27,743 INFO 18320 [egg-security] use noopen middleware
2019-12-30 08:12:27,747 INFO 18320 [egg-security] use nosniff middleware
2019-12-30 08:12:27,749 INFO 18320 [egg-security] use xssProtection middleware
2019-12-30 08:12:27,751 INFO 18320 [egg-security] use xframe middleware
2019-12-30 08:12:27,752 INFO 18320 [egg-security] use dta middleware
2019-12-30 08:12:27,752 INFO 18320 [egg-security] compose 6 middlewares into one security middleware
2019-12-30 08:12:28,436 INFO 18320 [egg:core] dump config after load, 389ms
2019-12-30 08:12:28,820 INFO 18320 [egg-mongoose] starting...
2019-12-30 08:12:30,369 INFO 18320 [egg-mongoose] mongodb://127.0.0.1/shoppingMall connected successfully
2019-12-30 08:12:30,761 INFO 18320 [egg-mongoose] instance[0] start successfully
2019-12-30 08:12:30,766 INFO 18320 [egg-watcher:application] watcher start success
2019-12-30 08:12:31,473 INFO 18320 [egg:core] dump config after ready, 613ms
2019-12-30 08:13:03,867 INFO 18772 [egg:logger] init all loggers with options: {"dir":"C:\\Users\\asus\\Desktop\\培训项目们\\Shopping\\server\\logs\\server","encoding":"utf8","env":"local","level":"INFO","consoleLevel":"INFO","disableConsoleAfterReady":false,"outputJSON":false,"buffer":true,"appLogName":"server-web.log","coreLogName":"egg-web.log","agentLogName":"egg-agent.log","errorLogName":"common-error.log","coreLogger":{"consoleLevel":"WARN"},"allowDebugAtProd":false,"type":"application"}
2019-12-30 08:13:04,841 INFO 18772 [egg-multipart] stream mode enable
2019-12-30 08:13:09,809 INFO 18772 [egg-mongoose] connecting mongodb://127.0.0.1/shoppingMall
2019-12-30 08:13:14,827 INFO 18772 [egg-static] starting static serve /public/ -> C:\Users\asus\Desktop\培训项目们\Shopping\server\app\public
2019-12-30 08:13:14,835 INFO 18772 [egg-security] use methodnoallow middleware
2019-12-30 08:13:14,837 INFO 18772 [egg-security] use noopen middleware
2019-12-30 08:13:14,841 INFO 18772 [egg-security] use nosniff middleware
2019-12-30 08:13:14,843 INFO 18772 [egg-security] use xssProtection middleware
2019-12-30 08:13:14,844 INFO 18772 [egg-security] use xframe middleware
2019-12-30 08:13:14,846 INFO 18772 [egg-security] use dta middleware
2019-12-30 08:13:14,846 INFO 18772 [egg-security] compose 6 middlewares into one security middleware
2019-12-30 08:13:15,285 INFO 18772 [egg:core] dump config after load, 343ms
2019-12-30 08:13:15,408 INFO 18772 [egg-mongoose] starting...
2019-12-30 08:13:18,625 INFO 18772 [egg-mongoose] mongodb://127.0.0.1/shoppingMall connected successfully
2019-12-30 08:13:19,168 INFO 18772 [egg-mongoose] instance[0] start successfully
2019-12-30 08:13:19,182 INFO 18772 [egg-watcher:application] watcher start success
2019-12-30 08:13:19,759 INFO 18772 [egg:core] dump config after ready, 572ms
